<?xml version="1.0" encoding="UTF-8"?>
<testng-results skipped="0" failed="0" ignored="0" total="1" passed="1">
  <reporter-output>
  </reporter-output>
  <suite name="Regression TestSuite" duration-ms="38172" started-at="2019-12-11T22:23:29Z" finished-at="2019-12-11T22:24:07Z">
    <groups>
    </groups>
    <test name="Application Test" duration-ms="38172" started-at="2019-12-11T22:23:29Z" finished-at="2019-12-11T22:24:07Z">
      <class name="verifyTitle.day5part2Test">
        <test-method status="PASS" signature="beforeMethod()[pri:0, instance:verifyTitle.day5part2Test@2f7c7260]" name="beforeMethod" is-config="true" duration-ms="18410" started-at="2019-12-11T22:23:29Z" finished-at="2019-12-11T22:23:47Z">
          <reporter-output>
          </reporter-output>
        </test-method> <!-- beforeMethod -->
        <test-method status="PASS" signature="f()[pri:0, instance:verifyTitle.day5part2Test@2f7c7260]" name="f" duration-ms="19721" started-at="2019-12-11T22:23:47Z" finished-at="2019-12-11T22:24:07Z">
          <reporter-output>
          </reporter-output>
        </test-method> <!-- f -->
        <test-method status="PASS" signature="afterTest()[pri:0, instance:verifyTitle.day5part2Test@2f7c7260]" name="afterTest" is-config="true" duration-ms="1" started-at="2019-12-11T22:24:07Z" finished-at="2019-12-11T22:24:07Z">
          <reporter-output>
          </reporter-output>
        </test-method> <!-- afterTest -->
      </class> <!-- verifyTitle.day5part2Test -->
    </test> <!-- Application Test -->
  </suite> <!-- Regression TestSuite -->
</testng-results>
