<?xml version="1.0" encoding="UTF-8"?>
<testng-results skipped="0" failed="0" ignored="0" total="1" passed="1">
  <reporter-output>
  </reporter-output>
  <suite name="Regression TestSuite" duration-ms="51937" started-at="2019-12-11T22:13:28Z" finished-at="2019-12-11T22:14:20Z">
    <groups>
    </groups>
    <test name="Application Test" duration-ms="51937" started-at="2019-12-11T22:13:28Z" finished-at="2019-12-11T22:14:20Z">
      <class name="verifyTitle.day5part2">
        <test-method status="PASS" signature="beforeMethod()[pri:0, instance:verifyTitle.day5part2@523884b2]" name="beforeMethod" is-config="true" duration-ms="34182" started-at="2019-12-11T22:13:28Z" finished-at="2019-12-11T22:14:02Z">
          <reporter-output>
          </reporter-output>
        </test-method> <!-- beforeMethod -->
        <test-method status="PASS" signature="f()[pri:0, instance:verifyTitle.day5part2@523884b2]" name="f" duration-ms="17705" started-at="2019-12-11T22:14:02Z" finished-at="2019-12-11T22:14:20Z">
          <reporter-output>
          </reporter-output>
        </test-method> <!-- f -->
        <test-method status="PASS" signature="afterTest()[pri:0, instance:verifyTitle.day5part2@523884b2]" name="afterTest" is-config="true" duration-ms="0" started-at="2019-12-11T22:14:20Z" finished-at="2019-12-11T22:14:20Z">
          <reporter-output>
          </reporter-output>
        </test-method> <!-- afterTest -->
      </class> <!-- verifyTitle.day5part2 -->
    </test> <!-- Application Test -->
  </suite> <!-- Regression TestSuite -->
</testng-results>
